# JRE version: OpenJDK Runtime Environment (11.0.13) (build 11.0.13+0-b1751.21-8125866)
# Java VM: OpenJDK 64-Bit Server VM (11.0.13+0-b1751.21-8125866, mixed mode, tiered, compressed oops, g1 gc, windows-amd64)
Heap:
 garbage-first heap   total 227328K, used 181699K [0x0000000080000000, 0x0000000100000000)
  region size 1024K, 62 young (63488K), 2 survivors (2048K)
 Metaspace       used 123135K, capacity 126703K, committed 129360K, reserved 1161216K
  class space    used 15630K, capacity 17003K, committed 18176K, reserved 1048576K
GC Heap History (20 events):
Event: 77.470 GC heap before
{Heap before GC invocations=52 (full 0):
 garbage-first heap   total 227328K, used 127387K [0x0000000080000000, 0x0000000100000000)
  region size 1024K, 12 young (12288K), 3 survivors (3072K)
 Metaspace       used 118361K, capacity 122839K, committed 123216K, reserved 1155072K
  class space    used 15740K, capacity 17539K, committed 17664K, reserved 1048576K
}
Event: 77.474 GC heap after
{Heap after GC invocations=53 (full 0):
 garbage-first heap   total 227328K, used 120318K [0x0000000080000000, 0x0000000100000000)
  region size 1024K, 3 young (3072K), 3 survivors (3072K)
 Metaspace       used 118361K, capacity 122839K, committed 123216K, reserved 1155072K
  class space    used 15740K, capacity 17539K, committed 17664K, reserved 1048576K
}
Event: 77.840 GC heap before
{Heap before GC invocations=54 (full 0):
 garbage-first heap   total 227328K, used 147966K [0x0000000080000000, 0x0000000100000000)
  region size 1024K, 31 young (31744K), 3 survivors (3072K)
 Metaspace       used 117622K, capacity 120945K, committed 124368K, reserved 1157120K
  class space    used 15251K, capacity 16502K, committed 17792K, reserved 1048576K
}
Event: 77.857 GC heap after
{Heap after GC invocations=55 (full 0):
 garbage-first heap   total 227328K, used 125478K [0x0000000080000000, 0x0000000100000000)
  region size 1024K, 8 young (8192K), 8 survivors (8192K)
 Metaspace       used 117622K, capacity 120945K, committed 124368K, reserved 1157120K
  class space    used 15251K, capacity 16502K, committed 17792K, reserved 1048576K
}
Event: 203.073 GC heap before
{Heap before GC invocations=56 (full 0):
 garbage-first heap   total 227328K, used 195110K [0x0000000080000000, 0x0000000100000000)
  region size 1024K, 65 young (66560K), 8 survivors (8192K)
 Metaspace       used 120853K, capacity 124334K, committed 127056K, reserved 1159168K
  class space    used 15627K, capacity 16984K, committed 18176K, reserved 1048576K
}
Event: 203.079 GC heap after
{Heap after GC invocations=57 (full 0):
 garbage-first heap   total 227328K, used 122294K [0x0000000080000000, 0x0000000100000000)
  region size 1024K, 4 young (4096K), 4 survivors (4096K)
 Metaspace       used 120853K, capacity 124334K, committed 127056K, reserved 1159168K
  class space    used 15627K, capacity 16984K, committed 18176K, reserved 1048576K
}
Event: 203.233 GC heap before
{Heap before GC invocations=57 (full 0):
 garbage-first heap   total 227328K, used 128438K [0x0000000080000000, 0x0000000100000000)
  region size 1024K, 11 young (11264K), 4 survivors (4096K)
 Metaspace       used 120973K, capacity 124532K, committed 127312K, reserved 1159168K
  class space    used 15627K, capacity 16984K, committed 18176K, reserved 1048576K
}
Event: 203.237 GC heap after
{Heap after GC invocations=58 (full 0):
 garbage-first heap   total 227328K, used 120274K [0x0000000080000000, 0x0000000100000000)
  region size 1024K, 1 young (1024K), 1 survivors (1024K)
 Metaspace       used 120973K, capacity 124532K, committed 127312K, reserved 1159168K
  class space    used 15627K, capacity 16984K, committed 18176K, reserved 1048576K
}
Event: 204.852 GC heap before
{Heap before GC invocations=58 (full 0):
 garbage-first heap   total 227328K, used 183762K [0x0000000080000000, 0x0000000100000000)
  region size 1024K, 64 young (65536K), 1 survivors (1024K)
 Metaspace       used 121665K, capacity 125231K, committed 127824K, reserved 1159168K
  class space    used 15638K, capacity 17004K, committed 18176K, reserved 1048576K
}
Event: 204.871 GC heap after
{Heap after GC invocations=59 (full 0):
 garbage-first heap   total 227328K, used 126780K [0x0000000080000000, 0x0000000100000000)
  region size 1024K, 8 young (8192K), 8 survivors (8192K)
 Metaspace       used 121665K, capacity 125231K, committed 127824K, reserved 1159168K
  class space    used 15638K, capacity 17004K, committed 18176K, reserved 1048576K
}
Event: 267.813 GC heap before
{Heap before GC invocations=60 (full 0):
 garbage-first heap   total 227328K, used 194364K [0x0000000080000000, 0x0000000100000000)
  region size 1024K, 65 young (66560K), 8 survivors (8192K)
 Metaspace       used 121903K, capacity 125277K, committed 128336K, reserved 1159168K
  class space    used 15542K, capacity 16830K, committed 18176K, reserved 1048576K
}
Event: 267.823 GC heap after
{Heap after GC invocations=61 (full 0):
 garbage-first heap   total 227328K, used 125432K [0x0000000080000000, 0x0000000100000000)
  region size 1024K, 1 young (1024K), 1 survivors (1024K)
 Metaspace       used 121903K, capacity 125277K, committed 128336K, reserved 1159168K
  class space    used 15542K, capacity 16830K, committed 18176K, reserved 1048576K
}
Event: 606.338 GC heap before
{Heap before GC invocations=61 (full 0):
 garbage-first heap   total 227328K, used 134648K [0x0000000080000000, 0x0000000100000000)
  region size 1024K, 11 young (11264K), 1 survivors (1024K)
 Metaspace       used 122115K, capacity 125549K, committed 128592K, reserved 1159168K
  class space    used 15585K, capacity 16902K, committed 18176K, reserved 1048576K
}
Event: 606.352 GC heap after
{Heap after GC invocations=62 (full 0):
 garbage-first heap   total 227328K, used 110873K [0x0000000080000000, 0x0000000100000000)
  region size 1024K, 1 young (1024K), 1 survivors (1024K)
 Metaspace       used 122115K, capacity 125549K, committed 128592K, reserved 1159168K
  class space    used 15585K, capacity 16902K, committed 18176K, reserved 1048576K
}
Event: 1236.168 GC heap before
{Heap before GC invocations=62 (full 0):
 garbage-first heap   total 227328K, used 178457K [0x0000000080000000, 0x0000000100000000)
  region size 1024K, 68 young (69632K), 1 survivors (1024K)
 Metaspace       used 122576K, capacity 126040K, committed 128848K, reserved 1161216K
  class space    used 15606K, capacity 16938K, committed 18176K, reserved 1048576K
}
Event: 1236.182 GC heap after
{Heap after GC invocations=63 (full 0):
 garbage-first heap   total 227328K, used 117276K [0x0000000080000000, 0x0000000100000000)
  region size 1024K, 7 young (7168K), 7 survivors (7168K)
 Metaspace       used 122576K, capacity 126040K, committed 128848K, reserved 1161216K
  class space    used 15606K, capacity 16938K, committed 18176K, reserved 1048576K
}
Event: 1242.126 GC heap before
{Heap before GC invocations=64 (full 0):
 garbage-first heap   total 227328K, used 201244K [0x0000000080000000, 0x0000000100000000)
  region size 1024K, 73 young (74752K), 7 survivors (7168K)
 Metaspace       used 122902K, capacity 126397K, committed 129104K, reserved 1161216K
  class space    used 15628K, capacity 16967K, committed 18176K, reserved 1048576K
}
Event: 1242.135 GC heap after
{Heap after GC invocations=65 (full 0):
 garbage-first heap   total 227328K, used 120761K [0x0000000080000000, 0x0000000100000000)
  region size 1024K, 4 young (4096K), 4 survivors (4096K)
 Metaspace       used 122902K, capacity 126397K, committed 129104K, reserved 1161216K
  class space    used 15628K, capacity 16967K, committed 18176K, reserved 1048576K
}
Event: 1242.156 GC heap before
{Heap before GC invocations=65 (full 0):
 garbage-first heap   total 227328K, used 127929K [0x0000000080000000, 0x0000000100000000)
  region size 1024K, 11 young (11264K), 4 survivors (4096K)
 Metaspace       used 122906K, capacity 126397K, committed 129104K, reserved 1161216K
  class space    used 15628K, capacity 16967K, committed 18176K, reserved 1048576K
}
Event: 1242.163 GC heap after
{Heap after GC invocations=66 (full 0):
 garbage-first heap   total 227328K, used 122307K [0x0000000080000000, 0x0000000100000000)
  region size 1024K, 2 young (2048K), 2 survivors (2048K)
 Metaspace       used 122906K, capacity 126397K, committed 129104K, reserved 1161216K
  class space    used 15628K, capacity 16967K, committed 18176K, reserved 1048576K
}

